C:\Documents and Settings\John\Desktop\RevEng-1\fpga4fun\Step4-CPP\cpp.exe
C:\DOCUMENTS AND SETTINGS\JOHN\DESKTOP\REVENG-1\FPGA4FUN\STEP4-CPP\DEBUG\ANALYZE_DUMP.OBJ
C:\Documents and Settings\John\Desktop\RevEng-1\fpga4fun\Step4-CPP\Debug\cl.command.1.tlog
C:\Documents and Settings\John\Desktop\RevEng-1\fpga4fun\Step4-CPP\Debug\CL.read.1.tlog
C:\Documents and Settings\John\Desktop\RevEng-1\fpga4fun\Step4-CPP\Debug\CL.write.1.tlog
C:\DOCUMENTS AND SETTINGS\JOHN\DESKTOP\REVENG-1\FPGA4FUN\STEP4-CPP\DEBUG\CPP.EXE
C:\DOCUMENTS AND SETTINGS\JOHN\DESKTOP\REVENG-1\FPGA4FUN\STEP4-CPP\DEBUG\CPP.EXE.EMBED.MANIFEST
C:\DOCUMENTS AND SETTINGS\JOHN\DESKTOP\REVENG-1\FPGA4FUN\STEP4-CPP\DEBUG\CPP.EXE.EMBED.MANIFEST.RES
C:\DOCUMENTS AND SETTINGS\JOHN\DESKTOP\REVENG-1\FPGA4FUN\STEP4-CPP\DEBUG\CPP.EXE.INTERMEDIATE.MANIFEST
C:\DOCUMENTS AND SETTINGS\JOHN\DESKTOP\REVENG-1\FPGA4FUN\STEP4-CPP\DEBUG\CPP.ILK
C:\DOCUMENTS AND SETTINGS\JOHN\DESKTOP\REVENG-1\FPGA4FUN\STEP4-CPP\DEBUG\CPP.PDB
C:\Documents and Settings\John\Desktop\RevEng-1\fpga4fun\Step4-CPP\Debug\cpp_manifest.rc
C:\Documents and Settings\John\Desktop\RevEng-1\fpga4fun\Step4-CPP\Debug\link.5100.read.1.tlog
C:\Documents and Settings\John\Desktop\RevEng-1\fpga4fun\Step4-CPP\Debug\link.5100.write.1.tlog
C:\Documents and Settings\John\Desktop\RevEng-1\fpga4fun\Step4-CPP\Debug\link.5100-cvtres.read.1.tlog
C:\Documents and Settings\John\Desktop\RevEng-1\fpga4fun\Step4-CPP\Debug\link.5100-cvtres.write.1.tlog
C:\Documents and Settings\John\Desktop\RevEng-1\fpga4fun\Step4-CPP\Debug\link.command.1.tlog
C:\Documents and Settings\John\Desktop\RevEng-1\fpga4fun\Step4-CPP\Debug\link.read.1.tlog
C:\Documents and Settings\John\Desktop\RevEng-1\fpga4fun\Step4-CPP\Debug\link.write.1.tlog
C:\Documents and Settings\John\Desktop\RevEng-1\fpga4fun\Step4-CPP\Debug\link-cvtres.read.1.tlog
C:\Documents and Settings\John\Desktop\RevEng-1\fpga4fun\Step4-CPP\Debug\link-cvtres.write.1.tlog
C:\DOCUMENTS AND SETTINGS\JOHN\DESKTOP\REVENG-1\FPGA4FUN\STEP4-CPP\DEBUG\MAIN.OBJ
C:\Documents and Settings\John\Desktop\RevEng-1\fpga4fun\Step4-CPP\Debug\mt.command.1.tlog
C:\Documents and Settings\John\Desktop\RevEng-1\fpga4fun\Step4-CPP\Debug\mt.read.1.tlog
C:\Documents and Settings\John\Desktop\RevEng-1\fpga4fun\Step4-CPP\Debug\mt.write.1.tlog
C:\DOCUMENTS AND SETTINGS\JOHN\DESKTOP\REVENG-1\FPGA4FUN\STEP4-CPP\DEBUG\NIFPGA.OBJ
C:\Documents and Settings\John\Desktop\RevEng-1\fpga4fun\Step4-CPP\Debug\rc.command.1.tlog
C:\Documents and Settings\John\Desktop\RevEng-1\fpga4fun\Step4-CPP\Debug\rc.read.1.tlog
C:\Documents and Settings\John\Desktop\RevEng-1\fpga4fun\Step4-CPP\Debug\rc.write.1.tlog
C:\DOCUMENTS AND SETTINGS\JOHN\DESKTOP\REVENG-1\FPGA4FUN\STEP4-CPP\DEBUG\READFROMDRAGON.OBJ
C:\Documents and Settings\John\Desktop\RevEng-1\fpga4fun\Step4-CPP\Debug\vc100.idb
C:\DOCUMENTS AND SETTINGS\JOHN\DESKTOP\REVENG-1\FPGA4FUN\STEP4-CPP\DEBUG\VC100.PDB
